<?xml version="1.0" encoding="UTF-8"?>
<!-- Generated by org.testng.reporters.JUnitXMLReporter -->
<testsuite ignored="0" hostname="DESKTOP-OVO3VB7" failures="1" tests="1" name="Test" time="31.605" errors="0" timestamp="2024-02-12T00:00:29 IST">
  <testcase classname="com.durgasoft.ecommerce.homepage.TC001_CustomerRegistration" name="CustomerRegistration" time="15.84">
    <failure type="java.lang.NullPointerException">
      <![CDATA[java.lang.NullPointerException
at com.durgasoft.ecommerce.listeners.Listener.onTestSuccess(Listener.java:30)
at java.base/java.util.ArrayList.forEach(ArrayList.java:1541)
... Removed 24 stack frames]]>
    </failure>
  </testcase> <!-- CustomerRegistration -->
</testsuite> <!-- Test -->
